<?xml version="1.0" encoding="UTF-8"?>
<!-- Generated by org.testng.reporters.JUnitReportReporter -->
<testsuite skipped="0" hostname="MicroSoftUpdate" name="qa.sdt.test.LoginPageTest" tests="1" failures="0" timestamp="2021-11-18T19:26:18 IST" time="144.006" errors="0">
  <testcase name="validateLoginTest" time="144.006" classname="qa.sdt.test.LoginPageTest"/>
  <system-out/>
</testsuite> <!-- qa.sdt.test.LoginPageTest -->
